make.exe all --print-data-base --no-builtin-variables --no-builtin-rules --question
# GNU Make 4.3
# Built for x86_64-pc-msys
# Copyright (C) 1988-2020 Free Software Foundation, Inc.
# License GPLv3+: GNU GPL version 3 or later <http://gnu.org/licenses/gpl.html>
# This is free software: you are free to change and redistribute it.
# There is NO WARRANTY, to the extent permitted by law.
 

# Make data base, printed on Sat Feb 19 18:46:34 2022

# Variables

# environment
SYSTEMDRIVE = C:
# environment
JAVA_HOME = C:\Program Files\Java\jdk-17.0.1
# environment
LC_ALL = C
# environment
_MSYS2_BASH = C:\tools\msys64\usr\bin\bash.exe
# environment
OMP_WAIT_POLICY = PASSIVE
# environment
USERPROFILE = C:\Users\jacob
# environment
LOCALAPPDATA = C:\Users\jacob\AppData\Local
# environment
VSCODE_IPC_HOOK_EXTHOST = \\.\pipe\vscode-ipc-c9e045f3-61bf-48c4-9a7a-3e050121821f-sock
# environment
WSLENV = WT_SESSION::WT_PROFILE_ID
# environment
VSCODE_CWD = C:\Users\jacob\Projects\2022\trees\b_tree\fs_array
# environment
CHOCOLATEYINSTALL = C:\ProgramData\chocolatey
# environment
SYSTEMROOT = C:\WINDOWS
# environment
PROCESSOR_LEVEL = 6
# environment
PSMODULEPATH = C:\Program Files\WindowsPowerShell\Modules;C:\WINDOWS\system32\WindowsPowerShell\v1.0\Modules;
# default
MAKE_COMMAND := make
# environment
GOPATH = C:\Users\jacob\go
# automatic
@D = $(patsubst %/,%,$(dir $@))
# environment
CHROME_CRASHPAD_PIPE_NAME = \\.\pipe\crashpad_14860_YQIOZCZYAZWVHVOM
# environment
ONEDRIVECOMMERCIAL = C:\Users\jacob\NG Branch Technology GmbH
# environment
VSCODE_HANDLES_UNCAUGHT_ERRORS = true
# default
.VARIABLES := 
# automatic
%D = $(patsubst %/,%,$(dir $%))
# automatic
^D = $(patsubst %/,%,$(dir $^))
# environment
VSCODE_LOG_STACK = false
# automatic
%F = $(notdir $%)
# environment
VSCODE_CODE_CACHE_PATH = C:\Users\jacob\AppData\Roaming\Code\CachedData\f80445acd5a3dadef24aa209168452a3d97cc326
# environment
LANG = C
# default
.LOADED := 
# environment
TMP = /c/Users/jacob/AppData/Local/Temp
# default
.INCLUDE_DIRS = /usr/include /usr/include
# makefile
MAKEFLAGS = pqrR
# environment
ONEDRIVE = C:\Users\jacob\NG Branch Technology GmbH
# environment
INTELLIJ IDEA COMMUNITY EDITION = C:\Program Files\JetBrains\IntelliJ IDEA Community Edition 2021.2.3\bin;
# makefile
CURDIR := /c/Users/jacob/Projects/2022/trees/b_tree/fs_array
# environment
VSCODE_PIPE_LOGGING = true
# environment
APPLICATION_INSIGHTS_NO_DIAGNOSTIC_CHANNEL = 1
# automatic
*D = $(patsubst %/,%,$(dir $*))
# environment
PROGRAMFILES = C:\Program Files
# environment
KMP_BLOCKTIME = 0
# environment
MFLAGS = -pqrR
# default
.SHELLFLAGS := -c
# environment
!C: = c:\Users\jacob\Projects\2022\trees\b_tree\fs_array
# environment
COMMONPROGRAMW6432 = C:\Program Files\Common Files
# automatic
+D = $(patsubst %/,%,$(dir $+))
# makefile (from 'Makefile', line 1)
MAKEFILE_LIST := Makefile
# automatic
@F = $(notdir $@)
# environment
VSCODE_VERBOSE_LOGGING = true
# environment
VSCODE_PID = 14860
# environment
NG1_CONFIG = C:\Program Files\NG1 Kiosk\config
# automatic
?D = $(patsubst %/,%,$(dir $?))
# environment
WT_PROFILE_ID = {0caa0dad-35be-5f56-a8ff-afceeeaa6101}
# automatic
*F = $(notdir $*)
# automatic
<D = $(patsubst %/,%,$(dir $<))
# environment
VSCODE_NLS_CONFIG = {"locale":"de","availableLanguages":{},"_languagePackSupport":true}
# environment
ONEDRIVECONSUMER = C:\Users\jacob\OneDrive
# default
MAKE_HOST := x86_64-pc-msys
# environment
PROGRAMDATA = C:\ProgramData
# default
SHELL := /bin/sh
# environment
EXE4J_JAVA_HOME = C:\Program Files (x86)\ProAKT\CINEO\jre
# environment
HOMEPATH = \Users\jacob
# default
MAKECMDGOALS := all
# environment
DRIVERDATA = C:\Windows\System32\Drivers\DriverData
# environment
COMSPEC = C:\WINDOWS\system32\cmd.exe
# environment
WINDIR = C:\WINDOWS
# environment
MAKELEVEL := 0
# makefile (from 'Makefile', line 7)
compile = $(CC) $(CFLAGS) -c $< -o $@
# default
MAKE = $(MAKE_COMMAND)
# environment
PATH = /c/Program Files (x86)/VMware/VMware Workstation/bin:/c/Program Files/Common Files/Oracle/Java/javapath:/c/Windows/system32:/c/Windows:/c/Windows/System32/Wbem:/c/Windows/System32/WindowsPowerShell/v1.0:/c/Windows/System32/OpenSSH:/c/Program Files (x86)/NVIDIA Corporation/PhysX/Common:/c/Program Files/NVIDIA Corporation/NVIDIA NvDLISR:/c/Program Files/Microsoft SQL Server/130/Tools/Binn:/c/Program Files/PuTTY:/c/Program Files/Git/cmd:/c/Tools/SysinternalsSuite:/c/MinGW/bin:/c/Program Files/dotnet:/c/Program Files (x86)/ProAKT:/c/Users/jacob/flutter/.pub-cache/bin:/c/Program Files/TortoiseGit/bin:/c/WINDOWS/system32:/c/WINDOWS:/c/WINDOWS/System32/Wbem:/c/WINDOWS/System32/WindowsPowerShell/v1.0:/c/WINDOWS/System32/OpenSSH:/c/riscv64-unknown-elf-gcc-10.1.0-2020.08.2-x86_64-w64-mingw32/riscv64-unknown-elf-gcc-10.1.0-2020.08.2-x86_64-w64-mingw32/bin:/c/Program Files (x86)/p-nand-q.com/GTools:/c/Program Files (x86)/Microsoft Visual Studio/2019/Community/VC/Tools/MSVC/14.29.30133/bin/Hostx64/x64:/c/Users/jacob/AppData/Local/Packages/PythonSoftwareFoundation.Python.3.9_qbz5n2kfra8p0/LocalCache/local-packages/Python39/Scripts:/usr/bin:/c/z3-4.8.14-x86-win/z3-4.8.14-x86-win/bin:/c/Program Files/qemu:/c/WINDOWS/system32:/c/WINDOWS:/c/WINDOWS/System32/Wbem:/c/WINDOWS/System32/WindowsPowerShell/v1.0:/c/WINDOWS/System32/OpenSSH:/c/Program Files/nodejs:/c/Users/jacob/AppData/Local/Programs/Python/Python310/Scripts:/c/Users/jacob/AppData/Local/Programs/Python/Python310:/c/Python39:/c/Python39/Scripts:/c/Users/jacob/.cargo/bin:/c/Users/jacob/AppData/Local/Microsoft/WindowsApps:/c/Users/jacob/AppData/Local/Programs/Microsoft VS Code/bin:/c/Users/jacob/AppData/Roaming/cabal/bin:/c/ProgramData/chocolatey/lib/ghc/tools/ghc-8.10.2/bin:/c/users/jacob/flutter/bin:/c/Users/jacob/.dotnet/tools:/c/Users/jacob/AppData/Local/Programs/MiKTeX/miktex/bin/x64:/c/Program Files/JetBrains/IntelliJ IDEA Community Edition 2021.2.3/bin:/c/SysGCC/raspberry/bin:/c/Users/jacob/go/bin:/c/Users/jacob/AppData/Local/Microsoft/WindowsApps:/c/Users/jacob/AppData/Roaming/npm
# environment
ZES_ENABLE_SYSMAN = 1
# environment
COMPUTERNAME = DESKTOP-IFJDUPU
# default
MAKEFILES := 
# automatic
^F = $(notdir $^)
# environment
_MSYS2_PREFIX = x86_64
# environment
PROMPT = $P$G
# environment
CHOCOLATEYLASTPATHUPDATE = 132824192567574030
# environment
WT_SESSION = e5cd9460-2dc4-4cf7-8fa4-f09ac4e66fc8
# environment
LOGONSERVER = \\DESKTOP-IFJDUPU
# environment
VSCODE_LOG_NATIVE = false
# environment
NG1_HOME = C:\Program Files\NG1 Kiosk\
# environment
USERNAME = jacob
# environment
COMMONPROGRAMFILES = C:\Program Files\Common Files
# automatic
?F = $(notdir $?)
# environment
PROGRAMW6432 = C:\Program Files
# environment
SCITE_HOME = C:\ProgramData\SciTE
# environment
PATHEXT = .COM;.EXE;.BAT;.CMD;.VBS;.VBE;.JS;.JSE;.WSF;.WSH;.MSC;.PY;.PYW
# automatic
+F = $(notdir $+)
# environment
ORIGINAL_XDG_CURRENT_DESKTOP = undefined
# makefile (from 'Makefile', line 5)
OBJECTS = array.o
# environment
USERDOMAIN = DESKTOP-IFJDUPU
# 'override' directive
GNUMAKEFLAGS := 
# environment
OS = Windows_NT
# environment
NG1_DATA = C:\ProgramData\NG1 Kiosk\
# makefile
.DEFAULT_GOAL := all
# default
MAKE_VERSION := 4.3
# environment
PROGRAMFILES(X86) = C:\Program Files (x86)
# environment
USERDOMAIN_ROAMINGPROFILE = DESKTOP-IFJDUPU
# environment
NUMBER_OF_PROCESSORS = 12
# environment
PUBLIC = C:\Users\Public
# environment
PYTHONPATH = c:\users\jacob\appdata\local\programs\python\python310\lib\site-packages\pdm\pep582
# environment
APPDATA = C:\Users\jacob\AppData\Roaming
# makefile (from 'Makefile', line 2)
CFLAGS = -g -Wall -Wextra -Werror
# environment
HOMEDRIVE = C:
# environment
SCITE_USERHOME = C:\Users\jacob\AppData\Roaming\SciTE
# environment
PROCESSOR_ARCHITECTURE = AMD64
# environment
VSCODE_AMD_ENTRYPOINT = vs/workbench/services/extensions/node/extensionHostProcess
# makefile (from 'Makefile', line 3)
BUILD_DIR = build
# environment
HOME = /home/jacob
# environment
COMMONPROGRAMFILES(X86) = C:\Program Files (x86)\Common Files
# environment
ELECTRON_RUN_AS_NODE = 1
# environment
TEMP = /c/Users/jacob/AppData/Local/Temp
# environment
VSCODE_IPC_HOOK = \\.\pipe\ea075160054524950c367df978b0f1f0-1.64.2-main-sock
# environment
TERM = xterm-256color
# default
.RECIPEPREFIX := 
# automatic
<F = $(notdir $<)
# default
SUFFIXES := 
# environment
ALLUSERSPROFILE = C:\ProgramData
# environment
VSCODE_CLI = 1
# environment
ELECTRON_NO_ATTACH_CONSOLE = 1
# default
.FEATURES := target-specific order-only second-expansion else-if shortest-stem undefine oneshell nocomment grouped-target extra-prereqs archives jobserver output-sync check-symlink load
# environment
PROCESSOR_REVISION = 9e0a
# environment
VCTARGETSPATH = C:\Program Files (x86)\Microsoft Visual Studio\2019\Community\MSBuild\Microsoft\VC\v160\
# makefile (from 'Makefile', line 1)
CC = gcc
# environment
CHOCOLATEYTOOLSLOCATION = C:\tools
# environment
PROCESSOR_IDENTIFIER = Intel64 Family 6 Model 158 Stepping 10, GenuineIntel
# variable set hash-table stats:
# Load=124/1024=12%, Rehash=0, Collisions=15/158=9%

# Pattern-specific Variable Values

# No pattern-specific variable values.

# Directories

# . (device 2667282799, inode 9007199254988908): 8 files, no impossibilities.

# 8 files, no impossibilities in 1 directories.

# Implicit Rules

# No implicit rules.

# Files

# Not a target:
execute:
#  Implicit rule search has not been done.
#  Modification time never checked.
#  File has not been updated.

# Not a target:
../common_def.h:
#  Implicit rule search has not been done.
#  Modification time never checked.
#  File has not been updated.

# Not a target:
array.c:
#  Implicit rule search has not been done.
#  Modification time never checked.
#  File has not been updated.

# Not a target:
Makefile:
#  Implicit rule search has been done.
#  Last modified 2022-01-31 23:39:19.0286041
#  File has been updated.
#  Successfully updated.

clean:
#  Implicit rule search has not been done.
#  Modification time never checked.
#  File has not been updated.
#  recipe to execute (from 'Makefile', line 24):
	rm -rf $(BUILD_DIR)/*.o 
	rmdir $(BUILD_DIR)

# Not a target:
array.h:
#  Implicit rule search has not been done.
#  Modification time never checked.
#  File has not been updated.

build/array.o: array.c array.h ../common_def.h
#  Implicit rule search has not been done.
#  Modification time never checked.
#  File has not been updated.
#  recipe to execute (from 'Makefile', line 18):
	$(compile)

# Not a target:
.DEFAULT:
#  Implicit rule search has not been done.
#  Modification time never checked.
#  File has not been updated.

all: build
#  Command line target.
#  Implicit rule search has been done.
#  File does not exist.
#  File has been updated.
#  Needs to be updated (-q is set).
# variable set hash-table stats:
# Load=0/32=0%, Rehash=0, Collisions=0/4=0%

prep:
#  Implicit rule search has not been done.
#  Implicit/static pattern stem: ''
#  File does not exist.
#  File has been updated.
#  Needs to be updated (-q is set).
# automatic
# @ := prep
# automatic
# * := 
# automatic
# < := 
# automatic
# + := 
# automatic
# % := 
# automatic
# ^ := 
# automatic
# ? := 
# automatic
# | := 
# variable set hash-table stats:
# Load=8/32=25%, Rehash=0, Collisions=2/12=17%
#  recipe to execute (from 'Makefile', line 21):
	mkdir $(BUILD_DIR)

build: prep build/array.o
#  Implicit rule search has been done.
#  Last modified 2022-01-31 23:23:22.7082336
#  File has been updated.
#  Needs to be updated (-q is set).
# variable set hash-table stats:
# Load=0/32=0%, Rehash=0, Collisions=0/4=0%

test:
#  Implicit rule search has not been done.
#  Modification time never checked.
#  File has not been updated.

# Not a target:
.SUFFIXES:
#  Implicit rule search has not been done.
#  Modification time never checked.
#  File has not been updated.

cleanBuild: clean build execute
#  Implicit rule search has not been done.
#  Modification time never checked.
#  File has not been updated.

# files hash-table stats:
# Load=14/1024=1%, Rehash=0, Collisions=0/39=0%
# VPATH Search Paths

# No 'vpath' search paths.

# No general ('VPATH' variable) search path.

# strcache buffers: 1 (0) / strings = 19 / storage = 157 B / avg = 8 B
# current buf: size = 8162 B / used = 157 B / count = 19 / avg = 8 B

# strcache performance: lookups = 40 / hit rate = 52%
# hash-table stats:
# Load=19/8192=0%, Rehash=0, Collisions=0/40=0%
# Finished Make data base on Sat Feb 19 18:46:34 2022

 
